<?xml version="1.0" encoding="UTF-8"?>
<testng-results ignored="0" total="2" passed="2" failed="0" skipped="0">
  <reporter-output>
  </reporter-output>
  <suite started-at="2024-08-05T10:27:02 IST" name="OpenCartSuite" finished-at="2024-08-05T10:27:44 IST" duration-ms="41808">
    <groups>
      <group name="regression">
        <method signature="TC001_RegistrationTest.accountRegistration()[pri:0, instance:testCases.TC001_RegistrationTest@19e4653c]" name="accountRegistration" class="testCases.TC001_RegistrationTest"/>
      </group> <!-- regression -->
      <group name="sanity">
        <method signature="TC002_LoginTest.verifyLogin()[pri:0, instance:testCases.TC002_LoginTest@4be29ed9]" name="verifyLogin" class="testCases.TC002_LoginTest"/>
      </group> <!-- sanity -->
      <group name="master">
        <method signature="TC001_RegistrationTest.accountRegistration()[pri:0, instance:testCases.TC001_RegistrationTest@19e4653c]" name="accountRegistration" class="testCases.TC001_RegistrationTest"/>
        <method signature="TC002_LoginTest.verifyLogin()[pri:0, instance:testCases.TC002_LoginTest@4be29ed9]" name="verifyLogin" class="testCases.TC002_LoginTest"/>
      </group> <!-- master -->
    </groups>
    <test started-at="2024-08-05T10:27:02 IST" name="AutomationTest" finished-at="2024-08-05T10:27:44 IST" duration-ms="41808">
      <class name="testCases.TC001_RegistrationTest">
        <test-method is-config="true" signature="setUp(java.lang.String,java.lang.String)[pri:0, instance:testCases.TC001_RegistrationTest@19e4653c]" started-at="2024-08-05T10:27:03 IST" name="setUp" finished-at="2024-08-05T10:27:18 IST" duration-ms="15576" status="PASS">
          <params>
            <param index="0">
              <value>
                <![CDATA[chrome]]>
              </value>
            </param>
            <param index="1">
              <value>
                <![CDATA[windows]]>
              </value>
            </param>
          </params>
          <reporter-output>
          </reporter-output>
        </test-method> <!-- setUp -->
        <test-method signature="accountRegistration()[pri:0, instance:testCases.TC001_RegistrationTest@19e4653c]" started-at="2024-08-05T10:27:18 IST" name="accountRegistration" finished-at="2024-08-05T10:27:27 IST" duration-ms="9193" status="PASS">
          <reporter-output>
          </reporter-output>
        </test-method> <!-- accountRegistration -->
        <test-method is-config="true" signature="tearDown()[pri:0, instance:testCases.TC001_RegistrationTest@19e4653c]" started-at="2024-08-05T10:27:27 IST" name="tearDown" finished-at="2024-08-05T10:27:28 IST" duration-ms="414" status="PASS">
          <reporter-output>
          </reporter-output>
        </test-method> <!-- tearDown -->
      </class> <!-- testCases.TC001_RegistrationTest -->
      <class name="testCases.TC002_LoginTest">
        <test-method is-config="true" signature="setUp(java.lang.String,java.lang.String)[pri:0, instance:testCases.TC002_LoginTest@4be29ed9]" started-at="2024-08-05T10:27:28 IST" name="setUp" finished-at="2024-08-05T10:27:42 IST" duration-ms="13756" status="PASS">
          <params>
            <param index="0">
              <value>
                <![CDATA[chrome]]>
              </value>
            </param>
            <param index="1">
              <value>
                <![CDATA[windows]]>
              </value>
            </param>
          </params>
          <reporter-output>
          </reporter-output>
        </test-method> <!-- setUp -->
        <test-method signature="verifyLogin()[pri:0, instance:testCases.TC002_LoginTest@4be29ed9]" started-at="2024-08-05T10:27:42 IST" name="verifyLogin" finished-at="2024-08-05T10:27:43 IST" duration-ms="1817" status="PASS">
          <reporter-output>
          </reporter-output>
        </test-method> <!-- verifyLogin -->
        <test-method is-config="true" signature="tearDown()[pri:0, instance:testCases.TC002_LoginTest@4be29ed9]" started-at="2024-08-05T10:27:43 IST" name="tearDown" finished-at="2024-08-05T10:27:44 IST" duration-ms="405" status="PASS">
          <reporter-output>
          </reporter-output>
        </test-method> <!-- tearDown -->
      </class> <!-- testCases.TC002_LoginTest -->
    </test> <!-- AutomationTest -->
  </suite> <!-- OpenCartSuite -->
</testng-results>
