<?xml version="1.0" encoding="UTF-8"?>
<!-- Generated by org.testng.reporters.JUnitXMLReporter -->
<testsuite ignored="0" hostname="LAPTOP-AF95BSA9" failures="1" tests="2" name="AutomationTest" time="67.902" errors="0" timestamp="2024-08-03T16:19:49 IST">
  <testcase classname="testCases.TC001_RegistrationTest" name="accountRegistration" time="6.766"/>
  <testcase classname="testCases.TC002_LoginTest" name="verifyLogin" time="11.552">
    <failure type="java.lang.AssertionError" message="User login Validation failed">
      <![CDATA[java.lang.AssertionError: User login Validation failed
at testCases.TC002_LoginTest.verifyLogin(TC002_LoginTest.java:35)
at java.base/java.util.ArrayList.forEach(ArrayList.java:1511)
... Removed 28 stack frames]]>
    </failure>
  </testcase> <!-- verifyLogin -->
</testsuite> <!-- AutomationTest -->
